app/build/intermediates/manifest_merge_blame_file/debug/manifest-merger-blame-debug-report.txt
1<?xml version="1.0" encoding="utf-8"?>
2<manifest xmlns:android="http://schemas.android.com/apk/res/android"
3    package="com.rpkeffect.android.rpkpolyclinik"
4    android:versionCode="1"
5    android:versionName="1.0" >
6
7    <uses-sdk
8        android:minSdkVersion="23"
8-->src\main\AndroidManifest.xml
9        android:targetSdkVersion="29" />
9-->src\main\AndroidManifest.xml
10
11    <uses-permission android:name="android.permission.INTERNET" />
11-->src\main\AndroidManifest.xml:5:5-67
11-->src\main\AndroidManifest.xml:5:22-64
12    <uses-permission android:name="android.permission.READ_EXTERNAL_STORAGE" />
12-->src\main\AndroidManifest.xml:6:5-80
12-->src\main\AndroidManifest.xml:6:22-77
13    <uses-permission android:name="android.permission.WRITE_EXTERNAL_STORAGE" />
13-->src\main\AndroidManifest.xml:7:5-81
13-->src\main\AndroidManifest.xml:7:22-78
14    <uses-permission android:name="android.permission.ACCESS_NETWORK_STATE" />
14-->src\main\AndroidManifest.xml:8:5-79
14-->src\main\AndroidManifest.xml:8:22-76
15    <uses-permission android:name="com.google.android.providers.gsf.permission.READ_GSERVICES" />
15-->src\main\AndroidManifest.xml:9:5-98
15-->src\main\AndroidManifest.xml:9:22-95
16    <uses-permission android:name="android.permission.ACCESS_COARSE_LOCATION" />
16-->src\main\AndroidManifest.xml:10:5-81
16-->src\main\AndroidManifest.xml:10:22-78
17    <uses-permission android:name="android.permission.ACCESS_FINE_LOCATION" />
17-->src\main\AndroidManifest.xml:11:5-79
17-->src\main\AndroidManifest.xml:11:22-76
18
19    <uses-feature
19-->[com.google.android.gms:play-services-maps:17.0.1] AndroidManifest.xml:26:5-28:35
20        android:glEsVersion="0x00020000"
20-->[com.google.android.gms:play-services-maps:17.0.1] AndroidManifest.xml:27:9-41
21        android:required="true" />
21-->[com.google.android.gms:play-services-maps:17.0.1] AndroidManifest.xml:28:9-32
22
23    <queries>
23-->[com.google.android.gms:play-services-maps:17.0.1] AndroidManifest.xml:30:5-34:15
24
25        <!-- Needs to be explicitly declared on Android R+ -->
26        <package android:name="com.google.android.apps.maps" />
26-->[com.google.android.gms:play-services-maps:17.0.1] AndroidManifest.xml:33:9-64
26-->[com.google.android.gms:play-services-maps:17.0.1] AndroidManifest.xml:33:18-61
27    </queries>
28
29    <application
29-->src\main\AndroidManifest.xml:13:5-59:19
30        android:allowBackup="true"
30-->src\main\AndroidManifest.xml:14:9-35
31        android:appComponentFactory="androidx.core.app.CoreComponentFactory"
31-->[androidx.core:core:1.3.1] AndroidManifest.xml:24:18-86
32        android:debuggable="true"
33        android:extractNativeLibs="false"
34        android:icon="@mipmap/ic_launcher"
34-->src\main\AndroidManifest.xml:15:9-43
35        android:label="@string/app_name"
35-->src\main\AndroidManifest.xml:16:9-41
36        android:roundIcon="@mipmap/ic_launcher_round"
36-->src\main\AndroidManifest.xml:17:9-54
37        android:supportsRtl="true"
37-->src\main\AndroidManifest.xml:18:9-35
38        android:testOnly="true"
39        android:theme="@style/Theme.RPKPolyclinic" >
39-->src\main\AndroidManifest.xml:19:9-51
40        <meta-data
40-->src\main\AndroidManifest.xml:21:9-23:69
41            android:name="com.google.android.gms.version"
41-->src\main\AndroidManifest.xml:22:13-58
42            android:value="@integer/google_play_services_version" />
42-->src\main\AndroidManifest.xml:23:13-66
43        <meta-data
43-->src\main\AndroidManifest.xml:24:9-26:71
44            android:name="com.google.android.geo.API_KEY"
44-->src\main\AndroidManifest.xml:25:13-58
45            android:value="AIzaSyBz8hhJQXDPto34mntmlRut48G6QmazBXA" />
45-->src\main\AndroidManifest.xml:26:13-68
46
47        <activity android:name="com.rpkeffect.android.rpkpolyclinik.activities.AuthorizationActivity" />
47-->src\main\AndroidManifest.xml:28:9-69
47-->src\main\AndroidManifest.xml:28:19-67
48        <activity
48-->src\main\AndroidManifest.xml:29:9-35:20
49            android:name="com.rpkeffect.android.rpkpolyclinik.activities.SplashScreen"
49-->src\main\AndroidManifest.xml:29:19-58
50            android:theme="@style/SplashScreen" >
50-->src\main\AndroidManifest.xml:29:59-94
51            <intent-filter>
51-->src\main\AndroidManifest.xml:30:13-34:29
52                <action android:name="android.intent.action.MAIN" />
52-->src\main\AndroidManifest.xml:31:17-69
52-->src\main\AndroidManifest.xml:31:25-66
53
54                <category android:name="android.intent.category.LAUNCHER" />
54-->src\main\AndroidManifest.xml:33:17-77
54-->src\main\AndroidManifest.xml:33:27-74
55            </intent-filter>
56        </activity>
57        <activity android:name="com.rpkeffect.android.rpkpolyclinik.activities.SelectedUserActivity" />
57-->src\main\AndroidManifest.xml:36:9-68
57-->src\main\AndroidManifest.xml:36:19-66
58        <activity android:name="com.rpkeffect.android.rpkpolyclinik.activities.SelectedClinicActivity" />
58-->src\main\AndroidManifest.xml:37:9-70
58-->src\main\AndroidManifest.xml:37:19-68
59        <activity android:name="com.rpkeffect.android.rpkpolyclinik.activities.RegistrationActivity" />
59-->src\main\AndroidManifest.xml:38:9-69
59-->src\main\AndroidManifest.xml:38:19-66
60        <activity android:name="com.rpkeffect.android.rpkpolyclinik.activities.DoctorActivity" />
60-->src\main\AndroidManifest.xml:39:9-62
60-->src\main\AndroidManifest.xml:39:19-60
61        <activity android:name="com.rpkeffect.android.rpkpolyclinik.activities.ClinicActivity" />
61-->src\main\AndroidManifest.xml:40:9-62
61-->src\main\AndroidManifest.xml:40:19-60
62        <activity android:name="com.rpkeffect.android.rpkpolyclinik.activities.MainActivity" />
62-->src\main\AndroidManifest.xml:41:9-61
62-->src\main\AndroidManifest.xml:41:19-58
63        <activity android:name="com.rpkeffect.android.rpkpolyclinik.activities.OrderedServiceActivity" />
63-->src\main\AndroidManifest.xml:42:9-70
63-->src\main\AndroidManifest.xml:42:19-68
64        <activity
64-->src\main\AndroidManifest.xml:43:9-44:70
65            android:name="com.rpkeffect.android.rpkpolyclinik.activities.SelectedServiceActivity"
65-->src\main\AndroidManifest.xml:43:19-69
66            android:parentActivityName="com.rpkeffect.android.rpkpolyclinik.activities.DoctorActivity" />
66-->src\main\AndroidManifest.xml:44:13-68
67        <activity
67-->src\main\AndroidManifest.xml:45:9-48:54
68            android:name="com.rpkeffect.android.rpkpolyclinik.activities.SelectedDoctorActivity"
68-->src\main\AndroidManifest.xml:46:13-62
69            android:parentActivityName="com.rpkeffect.android.rpkpolyclinik.activities.ClinicActivity"
69-->src\main\AndroidManifest.xml:47:13-68
70            android:windowSoftInputMode="adjustPan" />
70-->src\main\AndroidManifest.xml:48:13-52
71        <activity
71-->src\main\AndroidManifest.xml:49:9-51:76
72            android:name="com.rpkeffect.android.rpkpolyclinik.activities.ServiceInfoActivity"
72-->src\main\AndroidManifest.xml:50:13-59
73            android:parentActivityName="com.rpkeffect.android.rpkpolyclinik.activities.ServiceInfoActivity" />
73-->src\main\AndroidManifest.xml:51:13-73
74        <activity
74-->src\main\AndroidManifest.xml:52:9-54:69
75            android:name="com.rpkeffect.android.rpkpolyclinik.activities.SelectedHospitalActivity"
75-->src\main\AndroidManifest.xml:53:13-64
76            android:parentActivityName="com.rpkeffect.android.rpkpolyclinik.activities.MainActivity" />
76-->src\main\AndroidManifest.xml:54:13-66
77
78        <meta-data
78-->src\main\AndroidManifest.xml:56:9-58:57
79            android:name="preloaded_fonts"
79-->src\main\AndroidManifest.xml:57:13-43
80            android:resource="@array/preloaded_fonts" />
80-->src\main\AndroidManifest.xml:58:13-54
81
82        <service
82-->[com.google.firebase:firebase-database:19.7.0] AndroidManifest.xml:29:9-35:19
83            android:name="com.google.firebase.components.ComponentDiscoveryService"
83-->[com.google.firebase:firebase-database:19.7.0] AndroidManifest.xml:30:13-84
84            android:directBootAware="true"
84-->[com.google.firebase:firebase-common:19.5.0] AndroidManifest.xml:35:13-43
85            android:exported="false" >
85-->[com.google.firebase:firebase-database:19.7.0] AndroidManifest.xml:31:13-37
86            <meta-data
86-->[com.google.firebase:firebase-database:19.7.0] AndroidManifest.xml:32:13-34:85
87                android:name="com.google.firebase.components:com.google.firebase.database.DatabaseRegistrar"
87-->[com.google.firebase:firebase-database:19.7.0] AndroidManifest.xml:33:17-109
88                android:value="com.google.firebase.components.ComponentRegistrar" />
88-->[com.google.firebase:firebase-database:19.7.0] AndroidManifest.xml:34:17-82
89            <meta-data
89-->[com.google.firebase:firebase-auth:20.0.4] AndroidManifest.xml:77:13-79:85
90                android:name="com.google.firebase.components:com.google.firebase.auth.FirebaseAuthRegistrar"
90-->[com.google.firebase:firebase-auth:20.0.4] AndroidManifest.xml:78:17-109
91                android:value="com.google.firebase.components.ComponentRegistrar" />
91-->[com.google.firebase:firebase-auth:20.0.4] AndroidManifest.xml:79:17-82
92            <meta-data
92-->[com.google.firebase:firebase-storage:19.2.2] AndroidManifest.xml:33:13-35:85
93                android:name="com.google.firebase.components:com.google.firebase.storage.StorageRegistrar"
93-->[com.google.firebase:firebase-storage:19.2.2] AndroidManifest.xml:34:17-107
94                android:value="com.google.firebase.components.ComponentRegistrar" />
94-->[com.google.firebase:firebase-storage:19.2.2] AndroidManifest.xml:35:17-82
95            <!--
96                This registrar is not defined in the dynamic-module-support sdk itself to allow non-firebase
97                clients to use it as well, by defining this registrar in their own core/common library.
98            -->
99            <meta-data
99-->[com.google.firebase:firebase-common:19.5.0] AndroidManifest.xml:43:13-45:85
100                android:name="com.google.firebase.components:com.google.firebase.dynamicloading.DynamicLoadingRegistrar"
100-->[com.google.firebase:firebase-common:19.5.0] AndroidManifest.xml:44:17-121
101                android:value="com.google.firebase.components.ComponentRegistrar" />
101-->[com.google.firebase:firebase-common:19.5.0] AndroidManifest.xml:45:17-82
102        </service>
103
104        <activity
104-->[com.google.firebase:firebase-auth:20.0.4] AndroidManifest.xml:27:9-44:20
105            android:name="com.google.firebase.auth.internal.GenericIdpActivity"
105-->[com.google.firebase:firebase-auth:20.0.4] AndroidManifest.xml:28:13-80
106            android:excludeFromRecents="true"
106-->[com.google.firebase:firebase-auth:20.0.4] AndroidManifest.xml:29:13-46
107            android:exported="true"
107-->[com.google.firebase:firebase-auth:20.0.4] AndroidManifest.xml:30:13-36
108            android:launchMode="singleTask"
108-->[com.google.firebase:firebase-auth:20.0.4] AndroidManifest.xml:31:13-44
109            android:theme="@android:style/Theme.Translucent.NoTitleBar" >
109-->[com.google.firebase:firebase-auth:20.0.4] AndroidManifest.xml:32:13-72
110            <intent-filter>
110-->[com.google.firebase:firebase-auth:20.0.4] AndroidManifest.xml:33:13-43:29
111                <action android:name="android.intent.action.VIEW" />
111-->[com.google.firebase:firebase-auth:20.0.4] AndroidManifest.xml:34:17-69
111-->[com.google.firebase:firebase-auth:20.0.4] AndroidManifest.xml:34:25-66
112
113                <category android:name="android.intent.category.DEFAULT" />
113-->[com.google.firebase:firebase-auth:20.0.4] AndroidManifest.xml:36:17-76
113-->[com.google.firebase:firebase-auth:20.0.4] AndroidManifest.xml:36:27-73
114                <category android:name="android.intent.category.BROWSABLE" />
114-->[com.google.firebase:firebase-auth:20.0.4] AndroidManifest.xml:37:17-78
114-->[com.google.firebase:firebase-auth:20.0.4] AndroidManifest.xml:37:27-75
115
116                <data
116-->[com.google.firebase:firebase-auth:20.0.4] AndroidManifest.xml:39:17-42:51
117                    android:host="firebase.auth"
117-->[com.google.firebase:firebase-auth:20.0.4] AndroidManifest.xml:40:21-49
118                    android:path="/"
118-->[com.google.firebase:firebase-auth:20.0.4] AndroidManifest.xml:41:21-37
119                    android:scheme="genericidp" />
119-->[com.google.firebase:firebase-auth:20.0.4] AndroidManifest.xml:42:21-48
120            </intent-filter>
121        </activity>
122        <activity
122-->[com.google.firebase:firebase-auth:20.0.4] AndroidManifest.xml:45:9-62:20
123            android:name="com.google.firebase.auth.internal.RecaptchaActivity"
123-->[com.google.firebase:firebase-auth:20.0.4] AndroidManifest.xml:46:13-79
124            android:excludeFromRecents="true"
124-->[com.google.firebase:firebase-auth:20.0.4] AndroidManifest.xml:47:13-46
125            android:exported="true"
125-->[com.google.firebase:firebase-auth:20.0.4] AndroidManifest.xml:48:13-36
126            android:launchMode="singleTask"
126-->[com.google.firebase:firebase-auth:20.0.4] AndroidManifest.xml:49:13-44
127            android:theme="@android:style/Theme.Translucent.NoTitleBar" >
127-->[com.google.firebase:firebase-auth:20.0.4] AndroidManifest.xml:50:13-72
128            <intent-filter>
128-->[com.google.firebase:firebase-auth:20.0.4] AndroidManifest.xml:51:13-61:29
129                <action android:name="android.intent.action.VIEW" />
129-->[com.google.firebase:firebase-auth:20.0.4] AndroidManifest.xml:34:17-69
129-->[com.google.firebase:firebase-auth:20.0.4] AndroidManifest.xml:34:25-66
130
131                <category android:name="android.intent.category.DEFAULT" />
131-->[com.google.firebase:firebase-auth:20.0.4] AndroidManifest.xml:36:17-76
131-->[com.google.firebase:firebase-auth:20.0.4] AndroidManifest.xml:36:27-73
132                <category android:name="android.intent.category.BROWSABLE" />
132-->[com.google.firebase:firebase-auth:20.0.4] AndroidManifest.xml:37:17-78
132-->[com.google.firebase:firebase-auth:20.0.4] AndroidManifest.xml:37:27-75
133
134                <data
134-->[com.google.firebase:firebase-auth:20.0.4] AndroidManifest.xml:39:17-42:51
135                    android:host="firebase.auth"
135-->[com.google.firebase:firebase-auth:20.0.4] AndroidManifest.xml:40:21-49
136                    android:path="/"
136-->[com.google.firebase:firebase-auth:20.0.4] AndroidManifest.xml:41:21-37
137                    android:scheme="recaptcha" />
137-->[com.google.firebase:firebase-auth:20.0.4] AndroidManifest.xml:42:21-48
138            </intent-filter>
139        </activity>
140
141        <service
141-->[com.google.firebase:firebase-auth:20.0.4] AndroidManifest.xml:64:9-73:19
142            android:name="com.google.firebase.auth.api.fallback.service.FirebaseAuthFallbackService"
142-->[com.google.firebase:firebase-auth:20.0.4] AndroidManifest.xml:65:13-101
143            android:enabled="true"
143-->[com.google.firebase:firebase-auth:20.0.4] AndroidManifest.xml:66:13-35
144            android:exported="false" >
144-->[com.google.firebase:firebase-auth:20.0.4] AndroidManifest.xml:67:13-37
145            <intent-filter>
145-->[com.google.firebase:firebase-auth:20.0.4] AndroidManifest.xml:68:13-72:29
146                <action android:name="com.google.firebase.auth.api.gms.service.START" />
146-->[com.google.firebase:firebase-auth:20.0.4] AndroidManifest.xml:69:17-89
146-->[com.google.firebase:firebase-auth:20.0.4] AndroidManifest.xml:69:25-86
147
148                <category android:name="android.intent.category.DEFAULT" />
148-->[com.google.firebase:firebase-auth:20.0.4] AndroidManifest.xml:36:17-76
148-->[com.google.firebase:firebase-auth:20.0.4] AndroidManifest.xml:36:27-73
149            </intent-filter>
150        </service> <!-- Needs to be explicitly declared on P+ -->
151        <uses-library
151-->[com.google.android.gms:play-services-maps:17.0.1] AndroidManifest.xml:39:9-41:40
152            android:name="org.apache.http.legacy"
152-->[com.google.android.gms:play-services-maps:17.0.1] AndroidManifest.xml:40:13-50
153            android:required="false" />
153-->[com.google.android.gms:play-services-maps:17.0.1] AndroidManifest.xml:41:13-37
154
155        <provider
155-->[com.google.firebase:firebase-common:19.5.0] AndroidManifest.xml:26:9-31:39
156            android:name="com.google.firebase.provider.FirebaseInitProvider"
156-->[com.google.firebase:firebase-common:19.5.0] AndroidManifest.xml:27:13-77
157            android:authorities="com.rpkeffect.android.rpkpolyclinik.firebaseinitprovider"
157-->[com.google.firebase:firebase-common:19.5.0] AndroidManifest.xml:28:13-72
158            android:directBootAware="true"
158-->[com.google.firebase:firebase-common:19.5.0] AndroidManifest.xml:29:13-43
159            android:exported="false"
159-->[com.google.firebase:firebase-common:19.5.0] AndroidManifest.xml:30:13-37
160            android:initOrder="100" />
160-->[com.google.firebase:firebase-common:19.5.0] AndroidManifest.xml:31:13-36
161
162        <activity
162-->[com.google.android.gms:play-services-base:17.1.0] AndroidManifest.xml:23:9-26:75
163            android:name="com.google.android.gms.common.api.GoogleApiActivity"
163-->[com.google.android.gms:play-services-base:17.1.0] AndroidManifest.xml:24:13-79
164            android:exported="false"
164-->[com.google.android.gms:play-services-base:17.1.0] AndroidManifest.xml:25:13-37
165            android:theme="@android:style/Theme.Translucent.NoTitleBar" />
165-->[com.google.android.gms:play-services-base:17.1.0] AndroidManifest.xml:26:13-72
166    </application>
167
168</manifest>